<?xml version="1.0" encoding="UTF-8"?>
<robot generator="Robot 7.0 (Python 3.12.2 on win32)" generated="2024-03-16T15:01:41.446925" rpa="false" schemaversion="5">
<suite id="s1" name="Login" source="c:\Users\hp\Pictures\robot project\OrangeHRM\test\login.robot">
<test id="s1-t1" name="Validlogin" line="9">
<kw name="login page">
<msg time="2024-03-16T15:01:41.727720" level="FAIL">No keyword with name 'login page' found. Did you try using keyword 'BuiltIn.Log' and forgot to use enough whitespace between keyword and arguments?</msg>
<status status="FAIL" start="2024-03-16T15:01:41.726723" elapsed="0.002992">No keyword with name 'login page' found. Did you try using keyword 'BuiltIn.Log' and forgot to use enough whitespace between keyword and arguments?</status>
</kw>
<kw name="Enter Valid username and Password">
<status status="NOT RUN" start="2024-03-16T15:01:41.735699" elapsed="0.000998"/>
</kw>
<kw name="CLick Login button">
<status status="NOT RUN" start="2024-03-16T15:01:41.743676" elapsed="0.000000"/>
</kw>
<kw name="Check the Page title">
<status status="NOT RUN" start="2024-03-16T15:01:41.747666" elapsed="0.000000"/>
</kw>
<kw name="Close the Browser">
<status status="NOT RUN" start="2024-03-16T15:01:41.751655" elapsed="0.000000"/>
</kw>
<status status="FAIL" start="2024-03-16T15:01:41.723730" elapsed="0.028924">No keyword with name 'login page' found. Did you try using keyword 'BuiltIn.Log' and forgot to use enough whitespace between keyword and arguments?</status>
</test>
<status status="FAIL" start="2024-03-16T15:01:41.454136" elapsed="0.303506"/>
</suite>
<statistics>
<total>
<stat pass="0" fail="1" skip="0">All Tests</stat>
</total>
<tag>
</tag>
<suite>
<stat pass="0" fail="1" skip="0" id="s1" name="Login">Login</stat>
</suite>
</statistics>
<errors>
<msg time="2024-03-16T15:01:41.712614" level="ERROR">Error in file 'c:\Users\hp\Pictures\robot project\OrangeHRM\test\login.robot' on line 3: Resource file 'C:UsershpPicturesobot projectOrangeHRMResourcesKeywordsLoginPage.robot' does not exist.</msg>
<msg time="2024-03-16T15:01:41.716750" level="ERROR">Error in file 'c:\Users\hp\Pictures\robot project\OrangeHRM\test\login.robot' on line 4: Resource file 'C:UsershpPicturesobot projectOrangeHRMResourcesKeywordsDashboard.robot' does not exist.</msg>
<msg time="2024-03-16T15:01:41.719741" level="ERROR">Error in file 'c:\Users\hp\Pictures\robot project\OrangeHRM\test\login.robot' on line 5: Resource file 'c:UsershpPicturesobot projectOrangeHRMResourcesKeywordsLeavePage.robot' does not exist.</msg>
</errors>
</robot>
